
*** Running vivado
    with args -log zynq_design_1_wrapper.vdi -applog -m64 -messageDb vivado.pb -mode batch -source zynq_design_1_wrapper.tcl -notrace


****** Vivado v2014.2 (64-bit)
  **** SW Build 932637 on Wed Jun 11 13:33:10 MDT 2014
  **** IP Build 924643 on Fri May 30 09:20:16 MDT 2014
    ** Copyright 1986-2014 Xilinx, Inc. All Rights Reserved.

source zynq_design_1_wrapper.tcl -notrace
Command: open_checkpoint D:/zynq/zynq_lesson_0/zynq_lesson_0.runs/impl_1/zynq_design_1_wrapper.dcp
INFO: [Netlist 29-17] Analyzing 67 Unisim elements for replacement
INFO: [Netlist 29-28] Unisim Transformation completed in 0 CPU seconds
INFO: [Project 1-479] Netlist was created with Vivado 2014.2
Loading clock regions from D:/Xilinx/Vivado/2014.2/data\parts/xilinx/zynq/zynq/xc7z020/ClockRegion.xml
Loading clock buffers from D:/Xilinx/Vivado/2014.2/data\parts/xilinx/zynq/zynq/xc7z020/ClockBuffers.xml
Loading clock placement rules from D:/Xilinx/Vivado/2014.2/data/parts/xilinx/zynq/ClockPlacerRules.xml
Loading package pin functions from D:/Xilinx/Vivado/2014.2/data\parts/xilinx/zynq/PinFunctions.xml...
Loading package from D:/Xilinx/Vivado/2014.2/data\parts/xilinx/zynq/zynq/xc7z020/clg484/Package.xml
Loading io standards from D:/Xilinx/Vivado/2014.2/data\./parts/xilinx/zynq/IOStandards.xml
Parsing XDC File [D:/zynq/zynq_lesson_0/zynq_lesson_0.runs/impl_1/.Xil/Vivado-6740-BSIUK-ENG-LT6/dcp/zynq_design_1_wrapper_board.xdc]
Finished Parsing XDC File [D:/zynq/zynq_lesson_0/zynq_lesson_0.runs/impl_1/.Xil/Vivado-6740-BSIUK-ENG-LT6/dcp/zynq_design_1_wrapper_board.xdc]
Parsing XDC File [D:/zynq/zynq_lesson_0/zynq_lesson_0.runs/impl_1/.Xil/Vivado-6740-BSIUK-ENG-LT6/dcp/zynq_design_1_wrapper_early.xdc]
Finished Parsing XDC File [D:/zynq/zynq_lesson_0/zynq_lesson_0.runs/impl_1/.Xil/Vivado-6740-BSIUK-ENG-LT6/dcp/zynq_design_1_wrapper_early.xdc]
Reading XDEF placement.
Reading XDEF routing.
Read XDEF File: Time (s): cpu = 00:00:00 ; elapsed = 00:00:00.091 . Memory (MB): peak = 485.938 ; gain = 0.000
Restoring placement.
Restored 139 out of 139 XDEF sites from archive | CPU: 0.000000 secs | Memory: 0.000000 MB |
INFO: [Opt 31-138] Pushed 0 inverter(s) to 0 load pin(s).

INFO: [Project 1-111] Unisim Transformation Summary:
No Unisim elements were transformed.

INFO: [Project 1-484] Checkpoint was created with build 932637
open_checkpoint: Time (s): cpu = 00:00:06 ; elapsed = 00:00:11 . Memory (MB): peak = 485.938 ; gain = 310.238
Command: opt_design
Attempting to get a license for feature 'Implementation' and/or device 'xc7z020'
INFO: [Common 17-349] Got license for feature 'Implementation' and/or device 'xc7z020'
Running DRC as a precondition to command opt_design

Starting DRC Task
INFO: [Drc 23-27] Running DRC with 2 threads
INFO: [Project 1-461] DRC finished with 0 Errors
INFO: [Project 1-462] Please refer to the DRC report (report_drc) for more information.

Time (s): cpu = 00:00:00 ; elapsed = 00:00:00.233 . Memory (MB): peak = 488.098 ; gain = 2.160
INFO: [Timing 38-35] Done setting XDC timing constraints.

Starting Logic Optimization Task

Phase 1 Generate And Synthesize Debug Cores
INFO: [IP_Flow 19-234] Refreshing IP repositories
INFO: [IP_Flow 19-1704] No user IP repositories specified
INFO: [IP_Flow 19-2313] Loaded Vivado IP repository 'D:/Xilinx/Vivado/2014.2/data/ip'.
INFO: [IP_Flow 19-3806] Generating IP xilinx.com:ip:labtools_xsdb_master_lib:3.0 for dbg_hub_CV.
INFO: [IP_Flow 19-3806] Generating IP xilinx.com:ip:ila:4.0 for u_ila_0_CV.
INFO: [IP_Flow 19-3806] Generating IP xilinx.com:ip:ila:4.0 for u_ila_1_CV.
INFO: [Common 17-87] Messaging disabled: WARNING limit exceeded.
Netlist sorting complete. Time (s): cpu = 00:00:00 ; elapsed = 00:00:00.343 . Memory (MB): peak = 1153.980 ; gain = 0.000
Phase 1 Generate And Synthesize Debug Cores | Checksum: 2464283e2

Time (s): cpu = 00:01:02 ; elapsed = 00:10:30 . Memory (MB): peak = 1153.980 ; gain = 248.641
INFO: [Timing 38-35] Done setting XDC timing constraints.

Phase 2 Retarget

INFO: [Opt 31-138] Pushed 0 inverter(s) to 0 load pin(s).
INFO: [Opt 31-49] Retargeted 0 cell(s).
Phase 2 Retarget | Checksum: 17389d700

Time (s): cpu = 00:01:06 ; elapsed = 00:10:34 . Memory (MB): peak = 1173.816 ; gain = 268.477

Phase 3 Constant Propagation
INFO: [Opt 31-138] Pushed 47 inverter(s) to 47 load pin(s).
INFO: [Opt 31-10] Eliminated 681 cells.
Phase 3 Constant Propagation | Checksum: 111442e1e

Time (s): cpu = 00:01:10 ; elapsed = 00:10:38 . Memory (MB): peak = 1173.816 ; gain = 268.477

Phase 4 Sweep
INFO: [Opt 31-12] Eliminated 1724 unconnected nets.
INFO: [Opt 31-140] Inserted 0 IBUFs to IO ports without IO buffers.
INFO: [Opt 31-141] Inserted 0 OBUFs to IO ports without IO buffers.
INFO: [Opt 31-11] Eliminated 1005 unconnected cells.
Phase 4 Sweep | Checksum: 2121f3964

Time (s): cpu = 00:01:12 ; elapsed = 00:10:41 . Memory (MB): peak = 1173.816 ; gain = 268.477
Ending Logic Optimization Task | Checksum: 2121f3964

Time (s): cpu = 00:00:00 ; elapsed = 00:10:41 . Memory (MB): peak = 1173.816 ; gain = 268.477
Implement Debug Cores | Checksum: 2464283e2
Logic Optimization | Checksum: 1e7ebe258

Starting Power Optimization Task
INFO: [Pwropt 34-132] Will skip clock gating for clocks with period < 3.13 ns.
INFO: [Pwropt 34-9] Applying IDT optimizations ...
INFO: [Pwropt 34-10] Applying ODC optimizations ...


Starting PowerOpt Patch Enables Task
INFO: [Pwropt 34-162] WRITE_MODE attribute of 16 BRAM(s) out of a total of 20 has been updated to save power.
    Run report_power_opt to get a complete listing of the BRAMs updated.
INFO: [Pwropt 34-201] Structural ODC has moved 0 WE to EN ports
Number of BRAM Ports augmented: 16 newly gated: 0 Total Ports: 40
Ending PowerOpt Patch Enables Task | Checksum: 168cf629a

Time (s): cpu = 00:00:00 ; elapsed = 00:00:00.089 . Memory (MB): peak = 1254.754 ; gain = 0.000
Ending Power Optimization Task | Checksum: 168cf629a

Time (s): cpu = 00:00:00 ; elapsed = 00:00:06 . Memory (MB): peak = 1254.754 ; gain = 80.938
INFO: [Common 17-83] Releasing license: Implementation
32 Infos, 0 Warnings, 0 Critical Warnings and 0 Errors encountered.
opt_design completed successfully
opt_design: Time (s): cpu = 00:01:32 ; elapsed = 00:11:01 . Memory (MB): peak = 1254.754 ; gain = 768.816
Writing XDEF routing.
Writing XDEF routing logical nets.
Writing XDEF routing special nets.
Write XDEF Complete: Time (s): cpu = 00:00:00 ; elapsed = 00:00:00.435 . Memory (MB): peak = 1254.754 ; gain = 0.000
write_checkpoint: Time (s): cpu = 00:00:06 ; elapsed = 00:00:05 . Memory (MB): peak = 1254.754 ; gain = 0.000
Command: place_design
Attempting to get a license for feature 'Implementation' and/or device 'xc7z020'
INFO: [Common 17-349] Got license for feature 'Implementation' and/or device 'xc7z020'
Running DRC as a precondition to command place_design
INFO: [Drc 23-27] Running DRC with 2 threads
INFO: [Vivado_Tcl 4-198] DRC finished with 0 Errors
INFO: [Vivado_Tcl 4-199] Please refer to the DRC report (report_drc) for more information.

Starting Placer Task
INFO: [Place 30-611] Multithreading enabled for place_design using a maximum of 2 CPUs

Phase 1 Placer Runtime Estimator
Phase 1 Placer Runtime Estimator | Checksum: e1676d51

Time (s): cpu = 00:00:00 ; elapsed = 00:00:00.408 . Memory (MB): peak = 1254.754 ; gain = 0.000

Phase 2 Placer Initialization

Phase 2.1 Placer Initialization Core
Netlist sorting complete. Time (s): cpu = 00:00:01 ; elapsed = 00:00:00.096 . Memory (MB): peak = 1254.754 ; gain = 0.000

Phase 2.1.1 Mandatory Logic Optimization
INFO: [Opt 31-140] Inserted 0 IBUFs to IO ports without IO buffers.
INFO: [Opt 31-141] Inserted 0 OBUFs to IO ports without IO buffers.
INFO: [Opt 31-138] Pushed 0 inverter(s) to 0 load pin(s).
Netlist sorting complete. Time (s): cpu = 00:00:00 ; elapsed = 00:00:00.066 . Memory (MB): peak = 1254.754 ; gain = 0.000
Phase 2.1.1 Mandatory Logic Optimization | Checksum: d259fab2

Time (s): cpu = 00:00:02 ; elapsed = 00:00:02 . Memory (MB): peak = 1254.754 ; gain = 0.000

Phase 2.1.2 Build Super Logic Region (SLR) Database
Phase 2.1.2 Build Super Logic Region (SLR) Database | Checksum: d259fab2

Time (s): cpu = 00:00:02 ; elapsed = 00:00:02 . Memory (MB): peak = 1254.754 ; gain = 0.000

Phase 2.1.3 Add Constraints
Phase 2.1.3 Add Constraints | Checksum: d259fab2

Time (s): cpu = 00:00:02 ; elapsed = 00:00:02 . Memory (MB): peak = 1254.754 ; gain = 0.000

Phase 2.1.4 Build Shapes/ HD Config

Phase 2.1.4.1 Build Macros
Phase 2.1.4.1 Build Macros | Checksum: 1bc68c68d

Time (s): cpu = 00:00:05 ; elapsed = 00:00:05 . Memory (MB): peak = 1254.754 ; gain = 0.000
Phase 2.1.4 Build Shapes/ HD Config | Checksum: 1bc68c68d

Time (s): cpu = 00:00:05 ; elapsed = 00:00:05 . Memory (MB): peak = 1254.754 ; gain = 0.000

Phase 2.1.5 IO Placement/ Clock Placement/ Build Placer Device

Phase 2.1.5.1 Pre-Place Cells
Phase 2.1.5.1 Pre-Place Cells | Checksum: 17019e2c

Time (s): cpu = 00:00:06 ; elapsed = 00:00:06 . Memory (MB): peak = 1254.754 ; gain = 0.000
INFO: [Timing 38-35] Done setting XDC timing constraints.
WARNING: [Place 30-12] An IO Bus FIXED_IO_mio with more than one IO standard is found. Components associated with this bus are: 
	FIXED_IO_mio[53] of IOStandard LVCMOS18
	FIXED_IO_mio[52] of IOStandard LVCMOS18
	FIXED_IO_mio[51] of IOStandard LVCMOS18
	FIXED_IO_mio[50] of IOStandard LVCMOS18
	FIXED_IO_mio[49] of IOStandard LVCMOS18
	FIXED_IO_mio[48] of IOStandard LVCMOS18
	FIXED_IO_mio[47] of IOStandard LVCMOS18
	FIXED_IO_mio[46] of IOStandard LVCMOS18
	FIXED_IO_mio[45] of IOStandard LVCMOS18
	FIXED_IO_mio[44] of IOStandard LVCMOS18
	FIXED_IO_mio[43] of IOStandard LVCMOS18
	FIXED_IO_mio[42] of IOStandard LVCMOS18
	FIXED_IO_mio[41] of IOStandard LVCMOS18
	FIXED_IO_mio[40] of IOStandard LVCMOS18
	FIXED_IO_mio[39] of IOStandard LVCMOS18
	FIXED_IO_mio[38] of IOStandard LVCMOS18
	FIXED_IO_mio[37] of IOStandard LVCMOS18
	FIXED_IO_mio[36] of IOStandard LVCMOS18
	FIXED_IO_mio[35] of IOStandard LVCMOS18
	FIXED_IO_mio[34] of IOStandard LVCMOS18
	FIXED_IO_mio[33] of IOStandard LVCMOS18
	FIXED_IO_mio[32] of IOStandard LVCMOS18
	FIXED_IO_mio[31] of IOStandard LVCMOS18
	FIXED_IO_mio[30] of IOStandard LVCMOS18
	FIXED_IO_mio[29] of IOStandard LVCMOS18
	FIXED_IO_mio[28] of IOStandard LVCMOS18
	FIXED_IO_mio[27] of IOStandard LVCMOS18
	FIXED_IO_mio[26] of IOStandard LVCMOS18
	FIXED_IO_mio[25] of IOStandard LVCMOS18
	FIXED_IO_mio[24] of IOStandard LVCMOS18
	FIXED_IO_mio[23] of IOStandard LVCMOS18
	FIXED_IO_mio[22] of IOStandard LVCMOS18
	FIXED_IO_mio[21] of IOStandard LVCMOS18
	FIXED_IO_mio[20] of IOStandard LVCMOS18
	FIXED_IO_mio[19] of IOStandard LVCMOS18
	FIXED_IO_mio[18] of IOStandard LVCMOS18
	FIXED_IO_mio[17] of IOStandard LVCMOS18
	FIXED_IO_mio[16] of IOStandard LVCMOS18
	FIXED_IO_mio[15] of IOStandard LVCMOS33
	FIXED_IO_mio[14] of IOStandard LVCMOS33
	FIXED_IO_mio[13] of IOStandard LVCMOS33
	FIXED_IO_mio[12] of IOStandard LVCMOS33
	FIXED_IO_mio[11] of IOStandard LVCMOS33
	FIXED_IO_mio[10] of IOStandard LVCMOS33
	FIXED_IO_mio[9] of IOStandard LVCMOS33
	FIXED_IO_mio[8] of IOStandard LVCMOS33
	FIXED_IO_mio[7] of IOStandard LVCMOS33
	FIXED_IO_mio[6] of IOStandard LVCMOS33
	FIXED_IO_mio[5] of IOStandard LVCMOS33
	FIXED_IO_mio[4] of IOStandard LVCMOS33
	FIXED_IO_mio[3] of IOStandard LVCMOS33
	FIXED_IO_mio[2] of IOStandard LVCMOS33
	FIXED_IO_mio[1] of IOStandard LVCMOS33
	FIXED_IO_mio[0] of IOStandard LVCMOS33

Phase 2.1.5.2 IO & Clk Clean Up
Phase 2.1.5.2 IO & Clk Clean Up | Checksum: 17019e2c

Time (s): cpu = 00:00:13 ; elapsed = 00:00:10 . Memory (MB): peak = 1254.754 ; gain = 0.000

Phase 2.1.5.3 Implementation Feasibility check On IDelay
Phase 2.1.5.3 Implementation Feasibility check On IDelay | Checksum: 17019e2c

Time (s): cpu = 00:00:13 ; elapsed = 00:00:10 . Memory (MB): peak = 1254.754 ; gain = 0.000

Phase 2.1.5.4 Commit IO Placement
Phase 2.1.5.4 Commit IO Placement | Checksum: 6e1b8397

Time (s): cpu = 00:00:13 ; elapsed = 00:00:10 . Memory (MB): peak = 1254.754 ; gain = 0.000
Phase 2.1.5 IO Placement/ Clock Placement/ Build Placer Device | Checksum: 1582a4f72

Time (s): cpu = 00:00:13 ; elapsed = 00:00:10 . Memory (MB): peak = 1254.754 ; gain = 0.000

Phase 2.1.6 Build Placer Netlist Model

Phase 2.1.6.1 Place Init Design

Phase 2.1.6.1.1 Init Lut Pin Assignment
Phase 2.1.6.1.1 Init Lut Pin Assignment | Checksum: 19366f706

Time (s): cpu = 00:00:14 ; elapsed = 00:00:12 . Memory (MB): peak = 1254.754 ; gain = 0.000

Phase 2.1.6.1.2 Build Clock Data
Phase 2.1.6.1.2 Build Clock Data | Checksum: 1e68b0599

Time (s): cpu = 00:00:24 ; elapsed = 00:00:17 . Memory (MB): peak = 1254.754 ; gain = 0.000

Phase 2.1.6.1.3 setBudgets in placeInitDesign
Phase 2.1.6.1.3 setBudgets in placeInitDesign | Checksum: 1d860280a

Time (s): cpu = 00:00:25 ; elapsed = 00:00:18 . Memory (MB): peak = 1254.754 ; gain = 0.000
Phase 2.1.6.1 Place Init Design | Checksum: 17947ddeb

Time (s): cpu = 00:00:25 ; elapsed = 00:00:18 . Memory (MB): peak = 1254.754 ; gain = 0.000
Phase 2.1.6 Build Placer Netlist Model | Checksum: 17947ddeb

Time (s): cpu = 00:00:25 ; elapsed = 00:00:18 . Memory (MB): peak = 1254.754 ; gain = 0.000

Phase 2.1.7 Constrain Clocks/Macros

Phase 2.1.7.1 Constrain Global/Regional Clocks
Phase 2.1.7.1 Constrain Global/Regional Clocks | Checksum: 17947ddeb

Time (s): cpu = 00:00:25 ; elapsed = 00:00:18 . Memory (MB): peak = 1254.754 ; gain = 0.000
Phase 2.1.7 Constrain Clocks/Macros | Checksum: 17947ddeb

Time (s): cpu = 00:00:25 ; elapsed = 00:00:19 . Memory (MB): peak = 1254.754 ; gain = 0.000
Phase 2.1 Placer Initialization Core | Checksum: 17947ddeb

Time (s): cpu = 00:00:25 ; elapsed = 00:00:19 . Memory (MB): peak = 1254.754 ; gain = 0.000
Phase 2 Placer Initialization | Checksum: 17947ddeb

Time (s): cpu = 00:00:25 ; elapsed = 00:00:19 . Memory (MB): peak = 1254.754 ; gain = 0.000

Phase 3 Global Placement
Phase 3 Global Placement | Checksum: 144cbcc52

Time (s): cpu = 00:00:54 ; elapsed = 00:00:37 . Memory (MB): peak = 1254.754 ; gain = 0.000

Phase 4 Detail Placement

Phase 4.1 Commit Multi Column Macros
Phase 4.1 Commit Multi Column Macros | Checksum: 144cbcc52

Time (s): cpu = 00:00:54 ; elapsed = 00:00:38 . Memory (MB): peak = 1254.754 ; gain = 0.000

Phase 4.2 Commit Most Macros & LUTRAMs
Phase 4.2 Commit Most Macros & LUTRAMs | Checksum: 258b79b90

Time (s): cpu = 00:01:02 ; elapsed = 00:00:43 . Memory (MB): peak = 1254.754 ; gain = 0.000

Phase 4.3 Area Swap Optimization
Phase 4.3 Area Swap Optimization | Checksum: 1edaa3119

Time (s): cpu = 00:01:02 ; elapsed = 00:00:43 . Memory (MB): peak = 1254.754 ; gain = 0.000

Phase 4.4 Timing Path Optimizer
Phase 4.4 Timing Path Optimizer | Checksum: 245fef002

Time (s): cpu = 00:01:04 ; elapsed = 00:00:45 . Memory (MB): peak = 1254.754 ; gain = 0.000

Phase 4.5 Commit Small Macros & Core Logic

Phase 4.5.1 setBudgets
Phase 4.5.1 setBudgets | Checksum: 1cac7017a

Time (s): cpu = 00:01:04 ; elapsed = 00:00:45 . Memory (MB): peak = 1254.754 ; gain = 0.000
Phase 4.5 Commit Small Macros & Core Logic | Checksum: 19a2f53d3

Time (s): cpu = 00:01:11 ; elapsed = 00:00:51 . Memory (MB): peak = 1265.590 ; gain = 10.836

Phase 4.6 Re-assign LUT pins
Phase 4.6 Re-assign LUT pins | Checksum: 19a2f53d3

Time (s): cpu = 00:01:12 ; elapsed = 00:00:53 . Memory (MB): peak = 1267.504 ; gain = 12.750
Phase 4 Detail Placement | Checksum: 19a2f53d3

Time (s): cpu = 00:01:12 ; elapsed = 00:00:53 . Memory (MB): peak = 1267.504 ; gain = 12.750

Phase 5 Post Placement Optimization and Clean-Up

Phase 5.1 PCOPT Shape updates
Phase 5.1 PCOPT Shape updates | Checksum: 22cf72b52

Time (s): cpu = 00:01:13 ; elapsed = 00:00:53 . Memory (MB): peak = 1267.504 ; gain = 12.750

Phase 5.2 Post Placement Optimization

Phase 5.2.1 Post Placement Timing Optimization
INFO: [Place 30-746] Post Placement Timing Summary WNS=1.392. For the most accurate timing information please run report_timing.
Phase 5.2.1 Post Placement Timing Optimization | Checksum: 215e3d72e

Time (s): cpu = 00:01:20 ; elapsed = 00:00:57 . Memory (MB): peak = 1278.625 ; gain = 23.871
Phase 5.2 Post Placement Optimization | Checksum: 215e3d72e

Time (s): cpu = 00:01:20 ; elapsed = 00:00:57 . Memory (MB): peak = 1278.625 ; gain = 23.871

Phase 5.3 Post Placement Cleanup
Phase 5.3 Post Placement Cleanup | Checksum: 215e3d72e

Time (s): cpu = 00:01:20 ; elapsed = 00:00:57 . Memory (MB): peak = 1278.625 ; gain = 23.871

Phase 5.4 Placer Reporting

Phase 5.4.1 Restore STA
Phase 5.4.1 Restore STA | Checksum: 215e3d72e

Time (s): cpu = 00:01:20 ; elapsed = 00:00:57 . Memory (MB): peak = 1278.625 ; gain = 23.871
Phase 5.4 Placer Reporting | Checksum: 215e3d72e

Time (s): cpu = 00:01:20 ; elapsed = 00:00:57 . Memory (MB): peak = 1278.625 ; gain = 23.871

Phase 5.5 Final Placement Cleanup
Phase 5.5 Final Placement Cleanup | Checksum: 20c85ab33

Time (s): cpu = 00:01:20 ; elapsed = 00:00:57 . Memory (MB): peak = 1278.625 ; gain = 23.871
Phase 5 Post Placement Optimization and Clean-Up | Checksum: 20c85ab33

Time (s): cpu = 00:01:20 ; elapsed = 00:00:57 . Memory (MB): peak = 1278.625 ; gain = 23.871
Ending Placer Task | Checksum: 1573eba19

Time (s): cpu = 00:00:00 ; elapsed = 00:00:57 . Memory (MB): peak = 1278.625 ; gain = 23.871
INFO: [Common 17-83] Releasing license: Implementation
43 Infos, 1 Warnings, 0 Critical Warnings and 0 Errors encountered.
place_design completed successfully
place_design: Time (s): cpu = 00:01:21 ; elapsed = 00:00:59 . Memory (MB): peak = 1278.625 ; gain = 23.871
Writing XDEF routing.
Writing XDEF routing logical nets.
Writing XDEF routing special nets.
Write XDEF Complete: Time (s): cpu = 00:00:02 ; elapsed = 00:00:02 . Memory (MB): peak = 1278.625 ; gain = 0.000
write_checkpoint: Time (s): cpu = 00:00:07 ; elapsed = 00:00:07 . Memory (MB): peak = 1278.625 ; gain = 0.000
report_utilization: Time (s): cpu = 00:00:00 ; elapsed = 00:00:00.332 . Memory (MB): peak = 1278.625 ; gain = 0.000
Command: route_design
Attempting to get a license for feature 'Implementation' and/or device 'xc7z020'
INFO: [Common 17-349] Got license for feature 'Implementation' and/or device 'xc7z020'
Running DRC as a precondition to command route_design
INFO: [Drc 23-27] Running DRC with 2 threads
INFO: [Vivado_Tcl 4-198] DRC finished with 0 Errors, 1 Warnings
INFO: [Vivado_Tcl 4-199] Please refer to the DRC report (report_drc) for more information.


Starting Routing Task
INFO: [Route 35-254] Multithreading enabled for route_design using a maximum of 2 CPUs

Starting Route Task

Phase 1 Build RT Design
Phase 1 Build RT Design | Checksum: b25421f7

Time (s): cpu = 00:00:34 ; elapsed = 00:00:27 . Memory (MB): peak = 1402.887 ; gain = 114.930

Phase 2 Router Initialization

Phase 2.1 Create Timer
Phase 2.1 Create Timer | Checksum: b25421f7

Time (s): cpu = 00:00:34 ; elapsed = 00:00:28 . Memory (MB): peak = 1402.887 ; gain = 114.930
 Number of Nodes with overlaps = 0

Phase 2.2 Update Timing
Phase 2.2 Update Timing | Checksum: 16dfa078e

Time (s): cpu = 00:00:47 ; elapsed = 00:00:35 . Memory (MB): peak = 1446.242 ; gain = 158.285
INFO: [Route 35-57] Estimated Timing Summary | WNS=1.48   | TNS=0      | WHS=-0.32  | THS=-527   |

Phase 2 Router Initialization | Checksum: 16dfa078e

Time (s): cpu = 00:00:52 ; elapsed = 00:00:39 . Memory (MB): peak = 1446.242 ; gain = 158.285

Phase 3 Initial Routing
Phase 3 Initial Routing | Checksum: d731ddf4

Time (s): cpu = 00:00:57 ; elapsed = 00:00:42 . Memory (MB): peak = 1446.242 ; gain = 158.285

Phase 4 Rip-up And Reroute

Phase 4.1 Global Iteration 0
 Number of Nodes with overlaps = 1775
 Number of Nodes with overlaps = 212
 Number of Nodes with overlaps = 38
 Number of Nodes with overlaps = 7
 Number of Nodes with overlaps = 3
 Number of Nodes with overlaps = 0

Phase 4.1.1 Update Timing
Phase 4.1.1 Update Timing | Checksum: cec6fe7c

Time (s): cpu = 00:01:14 ; elapsed = 00:00:51 . Memory (MB): peak = 1446.242 ; gain = 158.285
INFO: [Route 35-57] Estimated Timing Summary | WNS=0.305  | TNS=0      | WHS=N/A    | THS=N/A    |

Phase 4.1 Global Iteration 0 | Checksum: e59fa848

Time (s): cpu = 00:01:14 ; elapsed = 00:00:52 . Memory (MB): peak = 1446.242 ; gain = 158.285
Phase 4 Rip-up And Reroute | Checksum: e59fa848

Time (s): cpu = 00:01:14 ; elapsed = 00:00:52 . Memory (MB): peak = 1446.242 ; gain = 158.285

Phase 5 Delay CleanUp

Phase 5.1 Update Timing
Phase 5.1 Update Timing | Checksum: e59fa848

Time (s): cpu = 00:01:16 ; elapsed = 00:00:53 . Memory (MB): peak = 1446.242 ; gain = 158.285
INFO: [Route 35-57] Estimated Timing Summary | WNS=0.437  | TNS=0      | WHS=N/A    | THS=N/A    |

Phase 5 Delay CleanUp | Checksum: e59fa848

Time (s): cpu = 00:01:16 ; elapsed = 00:00:53 . Memory (MB): peak = 1446.242 ; gain = 158.285

Phase 6 Clock Skew Optimization
Phase 6 Clock Skew Optimization | Checksum: e59fa848

Time (s): cpu = 00:01:16 ; elapsed = 00:00:53 . Memory (MB): peak = 1446.242 ; gain = 158.285

Phase 7 Post Hold Fix

Phase 7.1 Update Timing
Phase 7.1 Update Timing | Checksum: e59fa848

Time (s): cpu = 00:01:19 ; elapsed = 00:00:54 . Memory (MB): peak = 1446.242 ; gain = 158.285
INFO: [Route 35-57] Estimated Timing Summary | WNS=0.437  | TNS=0      | WHS=0.033  | THS=0      |

Phase 7 Post Hold Fix | Checksum: e59fa848

Time (s): cpu = 00:01:19 ; elapsed = 00:00:54 . Memory (MB): peak = 1446.242 ; gain = 158.285

Phase 8 Route finalize

Router Utilization Summary
  Global Vertical Routing Utilization    = 4.67801 %
  Global Horizontal Routing Utilization  = 5.41109 %
  Routable Net Status*
  *Does not include unroutable nets such as driverless and loadless.
  Run report_route_status for detailed report.
  Number of Failed Nets               = 0
  Number of Unrouted Nets             = 0
  Number of Partially Routed Nets     = 0
  Number of Node Overlaps             = 0

Phase 8 Route finalize | Checksum: e59fa848

Time (s): cpu = 00:01:19 ; elapsed = 00:00:55 . Memory (MB): peak = 1446.242 ; gain = 158.285

Phase 9 Verifying routed nets

 Verification completed successfully
Phase 9 Verifying routed nets | Checksum: e59fa848

Time (s): cpu = 00:01:19 ; elapsed = 00:00:55 . Memory (MB): peak = 1446.242 ; gain = 158.285

Phase 10 Depositing Routes
Phase 10 Depositing Routes | Checksum: 15d40c5b2

Time (s): cpu = 00:01:21 ; elapsed = 00:00:56 . Memory (MB): peak = 1446.242 ; gain = 158.285

Phase 11 Post Router Timing
INFO: [Route 35-57] Estimated Timing Summary | WNS=0.437  | TNS=0      | WHS=0.033  | THS=0      |

INFO: [Route 35-327] The final timing numbers are based on the router estimated timing analysis. For a complete and accurate timing signoff, please run report_timing_summary.
Phase 11 Post Router Timing | Checksum: 15d40c5b2

Time (s): cpu = 00:01:21 ; elapsed = 00:00:56 . Memory (MB): peak = 1446.242 ; gain = 158.285
INFO: [Route 35-16] Router Completed Successfully
Ending Route Task | Checksum: 15d40c5b2

Time (s): cpu = 00:00:00 ; elapsed = 00:00:56 . Memory (MB): peak = 1446.242 ; gain = 158.285

Routing Is Done.

Time (s): cpu = 00:00:00 ; elapsed = 00:00:56 . Memory (MB): peak = 1446.242 ; gain = 158.285
INFO: [Common 17-83] Releasing license: Implementation
56 Infos, 1 Warnings, 0 Critical Warnings and 0 Errors encountered.
route_design completed successfully
route_design: Time (s): cpu = 00:01:25 ; elapsed = 00:01:00 . Memory (MB): peak = 1446.242 ; gain = 167.617
Writing XDEF routing.
Writing XDEF routing logical nets.
Writing XDEF routing special nets.
Write XDEF Complete: Time (s): cpu = 00:00:03 ; elapsed = 00:00:03 . Memory (MB): peak = 1446.242 ; gain = 0.000
write_checkpoint: Time (s): cpu = 00:00:08 ; elapsed = 00:00:08 . Memory (MB): peak = 1446.242 ; gain = 0.000
INFO: [Drc 23-27] Running DRC with 2 threads
INFO: [Coretcl 2-168] The results of DRC are in file D:/zynq/zynq_lesson_0/zynq_lesson_0.runs/impl_1/zynq_design_1_wrapper_drc_routed.rpt.
INFO: [Timing 38-91] UpdateTimingParams: Speed grade: -1, Delay Type: min_max, Constraints type: SDC.
INFO: [Timing 38-191] Multithreading enabled for timing update using a maximum of 2 CPUs
report_timing_summary: Time (s): cpu = 00:00:14 ; elapsed = 00:00:08 . Memory (MB): peak = 1489.289 ; gain = 31.797
Running Vector-less Activity Propagation...

Finished Running Vector-less Activity Propagation
report_power: Time (s): cpu = 00:00:07 ; elapsed = 00:00:07 . Memory (MB): peak = 1540.574 ; gain = 51.285

Attempting to get a license for feature 'Implementation' and/or device 'xc7z020'
INFO: [Common 17-349] Got license for feature 'Implementation' and/or device 'xc7z020'
Running DRC as a precondition to command write_bitstream
INFO: [Drc 23-27] Running DRC with 2 threads
INFO: [Vivado 12-3199] DRC finished with 0 Errors, 1 Warnings
INFO: [Vivado 12-3200] Please refer to the DRC report (report_drc) for more information.
Loading data files...
Loading site data...
Loading route data...
Processing options...
Creating bitmap...
Creating bitstream...
Writing bitstream ./zynq_design_1_wrapper.bit...
INFO: [Vivado 12-1842] Bitgen Completed Successfully.
INFO: [Project 1-118] WebTalk data collection is enabled (User setting is ON. Install Setting is ON.).
INFO: [Common 17-185] WebTalk report has not been sent to Xilinx. Please check your network and proxy settings.
INFO: [Common 17-83] Releasing license: Implementation
write_bitstream: Time (s): cpu = 00:00:42 ; elapsed = 00:00:45 . Memory (MB): peak = 1881.586 ; gain = 341.012
INFO: [Common 17-206] Exiting Vivado at Wed Aug 27 15:14:15 2014...
